2017-09-16 00:13:07 pid:17551 Workerman[start.php] start in DEBUG mode
2017-09-16 00:20:30 pid:17551 Workerman[start.php] Stopping ...
2017-09-16 00:20:30 pid:17551 Workerman[start.php] has been stopped
2017-09-16 01:07:18 pid:18002 Workerman[start.php] start in DEBUG mode
2017-09-16 01:47:06 pid:18006 exception 'RedisException' with message 'read error on connection' in /home/wangxinguo/chat-service/App/GlobalVariable.php:150
Stack trace:
#0 /home/wangxinguo/chat-service/App/GlobalVariable.php(150): Redis->sMembers('IM:countryAdmin...')
#1 /home/wangxinguo/chat-service/App/Statistic.php(38): App\GlobalVariable::getCountrysStatistic(Array)
#2 /home/wangxinguo/chat-service/App/Flag.php(44): App\Statistic->message()
#3 /home/wangxinguo/chat-service/App/Events.php(120): App\Flag->getResult('7f0000010b54000...')
#4 [internal function]: Events::onMessage('7f0000010b54000...', '{"flag":3,"oper...')
#5 /home/wangxinguo/chat-service/vendor/workerman/gateway-worker/src/BusinessWorker.php(369): call_user_func('Events::onMessa...', '7f0000010b54000...', '{"flag":3,"oper...')
#6 [internal function]: GatewayWorker\BusinessWorker->onGatewayMessage(Object(Workerman\Connection\AsyncTcpConnection), Array)
#7 /home/wangxinguo/chat-service/vendor/workerman/workerman/Connection/TcpConnection.php(480): call_user_func(Array, Object(Workerman\Connection\AsyncTcpConnection), Array)
#8 [internal function]: Workerman\Connection\TcpConnection->baseRead(Resource id #63, Object(Workerman\Events\React\ExtEventLoop))
#9 /home/wangxinguo/chat-service/vendor/react/event-loop/src/ExtEventLoop.php(318): call_user_func(Array, Resource id #63, Object(Workerman\Events\React\ExtEventLoop))
#10 [internal function]: React\EventLoop\ExtEventLoop->React\EventLoop\{closure}(Resource id #63, 2, NULL)
#11 /home/wangxinguo/chat-service/vendor/react/event-loop/src/ExtEventLoop.php(204): EventBase->loop(1)
#12 /home/wangxinguo/chat-service/vendor/workerman/workerman/Events/React/ExtEventLoop.php(118): React\EventLoop\ExtEventLoop->run()
#13 /home/wangxinguo/chat-service/vendor/workerman/workerman/Worker.php(1561): Workerman\Events\React\ExtEventLoop->loop()
#14 /home/wangxinguo/chat-service/vendor/workerman/gateway-worker/src/BusinessWorker.php(183): Workerman\Worker->run()
#15 /home/wangxinguo/chat-service/vendor/workerman/workerman/Worker.php(959): GatewayWorker\BusinessWorker->run()
#16 /home/wangxinguo/chat-service/vendor/workerman/workerman/Worker.php(922): Workerman\Worker::forkOneWorker(Object(GatewayWorker\BusinessWorker))
#17 /home/wangxinguo/chat-service/vendor/workerman/workerman/Worker.php(430): Workerman\Worker::forkWorkers()
#18 /home/wangxinguo/chat-service/start.php(39): Workerman\Worker::runAll()
#19 {main}
2017-09-16 01:47:06 pid:18006 WORKER EXIT UNEXPECTED 
2017-09-16 01:47:06 pid:18002 worker[worker:18006] exit with status 64000
2017-09-16 01:47:18 pid:18002 Workerman[start.php] Stopping ...
2017-09-16 01:47:18 pid:18002 Workerman[start.php] has been stopped
2017-09-16 01:48:03 pid:18391 Workerman[start.php] start in DEBUG mode
2017-09-16 01:51:57 pid:18391 Workerman[start.php] Stopping ...
2017-09-16 01:51:57 pid:18391 Workerman[start.php] has been stopped
2017-09-16 01:57:39 pid:18485 Workerman[start.php] start in DEBUG mode
2017-09-16 02:45:40 pid:18485 Workerman[start.php] Stopping ...
2017-09-16 02:45:40 pid:18485 Workerman[start.php] has been stopped
2017-09-16 02:59:12 pid:19059 Workerman[start.php] start in DEBUG mode
2017-09-16 03:03:24 pid:19059 Workerman[start.php] reloading
2017-09-16 03:03:30 pid:19059 Workerman[start.php] Stopping ...
2017-09-16 03:03:30 pid:19059 Workerman[start.php] has been stopped
2017-09-16 03:03:32 pid:19112 Workerman[start.php] start in DEBUG mode
2017-09-16 03:04:15 pid:19112 Workerman[start.php] reloading
2017-09-16 03:13:29 pid:19112 Workerman[start.php] Stopping ...
2017-09-16 03:13:29 pid:19112 Workerman[start.php] has been stopped
2017-09-16 03:13:32 pid:19217 Workerman[start.php] start in DEBUG mode
2017-09-16 03:14:58 pid:19217 Workerman[start.php] reloading
2017-09-16 03:16:43 pid:19217 Workerman[start.php] Stopping ...
2017-09-16 03:16:44 pid:19217 Workerman[start.php] has been stopped
2017-09-16 03:16:46 pid:19283 Workerman[start.php] start in DEBUG mode
2017-09-16 03:19:06 pid:19283 Workerman[start.php] reloading
2017-09-16 03:21:53 pid:19283 Workerman[start.php] Stopping ...
2017-09-16 03:21:53 pid:19283 Workerman[start.php] has been stopped
2017-09-16 03:21:55 pid:19334 Workerman[start.php] start in DEBUG mode
2017-09-16 03:32:29 pid:19334 Workerman[start.php] Stopping ...
2017-09-16 03:32:29 pid:19334 Workerman[start.php] has been stopped
2017-09-16 05:20:15 pid:20366 Workerman[start.php] start in DEBUG mode
2017-09-16 05:21:59 pid:20366 Workerman[start.php] Stopping ...
2017-09-16 05:21:59 pid:20366 Workerman[start.php] has been stopped
2017-09-16 05:25:51 pid:20403 Workerman[start.php] start in DEBUG mode
2017-09-16 05:27:25 pid:20403 Workerman[start.php] Stopping ...
2017-09-16 05:27:25 pid:20403 Workerman[start.php] has been stopped
2017-09-16 05:30:39 pid:20453 Workerman[start.php] start in DEBUG mode
2017-09-16 05:35:14 pid:20453 Workerman[start.php] Stopping ...
2017-09-16 05:35:14 pid:20453 Workerman[start.php] has been stopped
2017-09-16 05:38:46 pid:20595 Workerman[start.php] start in DEBUG mode
2017-09-16 06:40:05 pid:20597 exception 'RedisException' with message 'read error on connection' in /home/wangxinguo/chat-service/App/GlobalVariable.php:150
Stack trace:
#0 /home/wangxinguo/chat-service/App/GlobalVariable.php(150): Redis->sMembers('IM:countryAdmin...')
#1 /home/wangxinguo/chat-service/App/Statistic.php(38): App\GlobalVariable::getCountrysStatistic(Array)
#2 /home/wangxinguo/chat-service/App/Flag.php(44): App\Statistic->message()
#3 /home/wangxinguo/chat-service/App/Events.php(120): App\Flag->getResult('7f0000010b57000...')
#4 [internal function]: Events::onMessage('7f0000010b57000...', '{"flag":3,"oper...')
#5 /home/wangxinguo/chat-service/vendor/workerman/gateway-worker/src/BusinessWorker.php(369): call_user_func('Events::onMessa...', '7f0000010b57000...', '{"flag":3,"oper...')
#6 [internal function]: GatewayWorker\BusinessWorker->onGatewayMessage(Object(Workerman\Connection\AsyncTcpConnection), Array)
#7 /home/wangxinguo/chat-service/vendor/workerman/workerman/Connection/TcpConnection.php(480): call_user_func(Array, Object(Workerman\Connection\AsyncTcpConnection), Array)
#8 [internal function]: Workerman\Connection\TcpConnection->baseRead(Resource id #65, Object(Workerman\Events\React\ExtEventLoop))
#9 /home/wangxinguo/chat-service/vendor/react/event-loop/src/ExtEventLoop.php(318): call_user_func(Array, Resource id #65, Object(Workerman\Events\React\ExtEventLoop))
#10 [internal function]: React\EventLoop\ExtEventLoop->React\EventLoop\{closure}(Resource id #65, 2, NULL)
#11 /home/wangxinguo/chat-service/vendor/react/event-loop/src/ExtEventLoop.php(204): EventBase->loop(1)
#12 /home/wangxinguo/chat-service/vendor/workerman/workerman/Events/React/ExtEventLoop.php(118): React\EventLoop\ExtEventLoop->run()
#13 /home/wangxinguo/chat-service/vendor/workerman/workerman/Worker.php(1561): Workerman\Events\React\ExtEventLoop->loop()
#14 /home/wangxinguo/chat-service/vendor/workerman/gateway-worker/src/BusinessWorker.php(183): Workerman\Worker->run()
#15 /home/wangxinguo/chat-service/vendor/workerman/workerman/Worker.php(959): GatewayWorker\BusinessWorker->run()
#16 /home/wangxinguo/chat-service/vendor/workerman/workerman/Worker.php(922): Workerman\Worker::forkOneWorker(Object(GatewayWorker\BusinessWorker))
#17 /home/wangxinguo/chat-service/vendor/workerman/workerman/Worker.php(430): Workerman\Worker::forkWorkers()
#18 /home/wangxinguo/chat-service/start.php(39): Workerman\Worker::runAll()
#19 {main}
2017-09-16 06:40:05 pid:20597 WORKER EXIT UNEXPECTED 
2017-09-16 06:40:05 pid:20595 worker[worker:20597] exit with status 64000
2017-09-16 06:40:11 pid:20595 Workerman[start.php] Stopping ...
2017-09-16 06:40:11 pid:20595 Workerman[start.php] has been stopped
2017-09-16 16:23:17 pid:24233 Workerman[start.php] start in DEBUG mode
2017-09-16 16:27:26 pid:24233 Workerman[start.php] reloading
2017-09-16 17:19:38 pid:24233 Workerman[start.php] Stopping ...
2017-09-16 17:19:38 pid:24233 Workerman[start.php] has been stopped
